{"D:\\ReposSave\\monorepo-starter\\packages\\button\\src\\GhButton.vue": {"path":"D:\\ReposSave\\monorepo-starter\\packages\\button\\src\\GhButton.vue","statementMap":{"0":{"start":{"line":30,"column":0},"end":{"line":30,"column":null}},"1":{"start":{"line":41,"column":0},"end":{"line":41,"column":null}},"2":{"start":{"line":49,"column":0},"end":{"line":49,"column":null}},"3":{"start":{"line":57,"column":0},"end":{"line":57,"column":null}},"4":{"start":{"line":58,"column":0},"end":{"line":58,"column":null}}},"fnMap":{"0":{"name":"validator","decl":{"start":{"line":29,"column":0},"end":{"line":29,"column":null}},"loc":{"start":{"line":29,"column":0},"end":{"line":31,"column":null}}},"1":{"name":"classes","decl":{"start":{"line":40,"column":0},"end":{"line":40,"column":null}},"loc":{"start":{"line":40,"column":0},"end":{"line":47,"column":null}}},"2":{"name":"style","decl":{"start":{"line":48,"column":0},"end":{"line":48,"column":null}},"loc":{"start":{"line":48,"column":0},"end":{"line":52,"column":null}}},"3":{"name":"handleClick","decl":{"start":{"line":56,"column":0},"end":{"line":56,"column":null}},"loc":{"start":{"line":56,"column":0},"end":{"line":59,"column":null}}}},"branchMap":{},"s":{"0":1,"1":1,"2":1,"3":0,"4":0},"f":{"0":1,"1":1,"2":1,"3":0},"b":{}}
}
